 ============================== 
g++  -c -fpic -fstrict-aliasing -fmessage-length=0 -O3 -iquote -std=gnu++11 -pedantic -Wall -Wno-unused-variable -Wno-unused-but-set-variable -Iinclude  -DFAUDES_BUILD_DSO -fvisibility=hidden -fvisibility-inlines-hidden  src/cfl_platform.cpp -o obj/cfl_platform.o
g++  -c -fpic -fstrict-aliasing -fmessage-length=0 -O3 -iquote -std=gnu++11 -pedantic -Wall -Wno-unused-variable -Wno-unused-but-set-variable -Iinclude  -DFAUDES_BUILD_DSO -fvisibility=hidden -fvisibility-inlines-hidden  src/cfl_utils.cpp -o obj/cfl_utils.o
g++  -c -fpic -fstrict-aliasing -fmessage-length=0 -O3 -iquote -std=gnu++11 -pedantic -Wall -Wno-unused-variable -Wno-unused-but-set-variable -Iinclude  -DFAUDES_BUILD_DSO -fvisibility=hidden -fvisibility-inlines-hidden  src/cfl_exception.cpp -o obj/cfl_exception.o
g++  -c -fpic -fstrict-aliasing -fmessage-length=0 -O3 -iquote -std=gnu++11 -pedantic -Wall -Wno-unused-variable -Wno-unused-but-set-variable -Iinclude  -DFAUDES_BUILD_DSO -fvisibility=hidden -fvisibility-inlines-hidden  src/cfl_token.cpp -o obj/cfl_token.o
g++  -c -fpic -fstrict-aliasing -fmessage-length=0 -O3 -iquote -std=gnu++11 -pedantic -Wall -Wno-unused-variable -Wno-unused-but-set-variable -Iinclude  -DFAUDES_BUILD_DSO -fvisibility=hidden -fvisibility-inlines-hidden  src/cfl_tokenreader.cpp -o obj/cfl_tokenreader.o
g++  -c -fpic -fstrict-aliasing -fmessage-length=0 -O3 -iquote -std=gnu++11 -pedantic -Wall -Wno-unused-variable -Wno-unused-but-set-variable -Iinclude  -DFAUDES_BUILD_DSO -fvisibility=hidden -fvisibility-inlines-hidden  src/cfl_tokenwriter.cpp -o obj/cfl_tokenwriter.o
g++  -c -fpic -fstrict-aliasing -fmessage-length=0 -O3 -iquote -std=gnu++11 -pedantic -Wall -Wno-unused-variable -Wno-unused-but-set-variable -Iinclude  -DFAUDES_BUILD_DSO -fvisibility=hidden -fvisibility-inlines-hidden  src/cfl_types.cpp -o obj/cfl_types.o
libFAUDES-make: platform: [gcc_linux]
g++  -c -fpic -fstrict-aliasing -fmessage-length=0 -O3 -iquote -std=gnu++11 -pedantic -Wall -Wno-unused-variable -Wno-unused-but-set-variable -Iinclude  -DFAUDES_BUILD_DSO -fvisibility=hidden -fvisibility-inlines-hidden  src/cfl_functions.cpp -o obj/cfl_functions.o
g++  -c -fpic -fstrict-aliasing -fmessage-length=0 -O3 -iquote -std=gnu++11 -pedantic -Wall -Wno-unused-variable -Wno-unused-but-set-variable -Iinclude  -DFAUDES_BUILD_DSO -fvisibility=hidden -fvisibility-inlines-hidden  src/cfl_registry.cpp -o obj/cfl_registry.o
libFAUDES-make: shell: [posix]
g++  -c -fpic -fstrict-aliasing -fmessage-length=0 -O3 -iquote -std=gnu++11 -pedantic -Wall -Wno-unused-variable -Wno-unused-but-set-variable -Iinclude  -DFAUDES_BUILD_DSO -fvisibility=hidden -fvisibility-inlines-hidden  src/cfl_elementary.cpp -o obj/cfl_elementary.o
g++  -c -fpic -fstrict-aliasing -fmessage-length=0 -O3 -iquote -std=gnu++11 -pedantic -Wall -Wno-unused-variable -Wno-unused-but-set-variable -Iinclude  -DFAUDES_BUILD_DSO -fvisibility=hidden -fvisibility-inlines-hidden  src/cfl_basevector.cpp -o obj/cfl_basevector.o
libFAUDES-make: linking: [shared]
g++  -c -fpic -fstrict-aliasing -fmessage-length=0 -O3 -iquote -std=gnu++11 -pedantic -Wall -Wno-unused-variable -Wno-unused-but-set-variable -Iinclude  -DFAUDES_BUILD_DSO -fvisibility=hidden -fvisibility-inlines-hidden  src/cfl_symboltable.cpp -o obj/cfl_symboltable.o
 ============================== 
g++  -c -fpic -fstrict-aliasing -fmessage-length=0 -O3 -iquote -std=gnu++11 -pedantic -Wall -Wno-unused-variable -Wno-unused-but-set-variable -Iinclude  -DFAUDES_BUILD_DSO -fvisibility=hidden -fvisibility-inlines-hidden  src/cfl_attributes.cpp -o obj/cfl_attributes.o
g++  -c -fpic -fstrict-aliasing -fmessage-length=0 -O3 -iquote -std=gnu++11 -pedantic -Wall -Wno-unused-variable -Wno-unused-but-set-variable -Iinclude  -DFAUDES_BUILD_DSO -fvisibility=hidden -fvisibility-inlines-hidden  src/cfl_attrmap.cpp -o obj/cfl_attrmap.o
g++  -c -fpic -fstrict-aliasing -fmessage-length=0 -O3 -iquote -std=gnu++11 -pedantic -Wall -Wno-unused-variable -Wno-unused-but-set-variable -Iinclude  -DFAUDES_BUILD_DSO -fvisibility=hidden -fvisibility-inlines-hidden  src/cfl_baseset.cpp -o obj/cfl_baseset.o
g++  -c -fpic -fstrict-aliasing -fmessage-length=0 -O3 -iquote -std=gnu++11 -pedantic -Wall -Wno-unused-variable -Wno-unused-but-set-variable -Iinclude  -DFAUDES_BUILD_DSO -fvisibility=hidden -fvisibility-inlines-hidden  src/cfl_indexset.cpp -o obj/cfl_indexset.o
g++  -c -fpic -fstrict-aliasing -fmessage-length=0 -O3 -iquote -std=gnu++11 -pedantic -Wall -Wno-unused-variable -Wno-unused-but-set-variable -Iinclude  -DFAUDES_BUILD_DSO -fvisibility=hidden -fvisibility-inlines-hidden  src/cfl_symbolset.cpp -o obj/cfl_symbolset.o
g++  -c -fpic -fstrict-aliasing -fmessage-length=0 -O3 -iquote -std=gnu++11 -pedantic -Wall -Wno-unused-variable -Wno-unused-but-set-variable -Iinclude  -DFAUDES_BUILD_DSO -fvisibility=hidden -fvisibility-inlines-hidden  src/cfl_nameset.cpp -o obj/cfl_nameset.o
g++  -c -fpic -fstrict-aliasing -fmessage-length=0 -O3 -iquote -std=gnu++11 -pedantic -Wall -Wno-unused-variable -Wno-unused-but-set-variable -Iinclude  -DFAUDES_BUILD_DSO -fvisibility=hidden -fvisibility-inlines-hidden  src/cfl_transset.cpp -o obj/cfl_transset.o
g++  -c -fpic -fstrict-aliasing -fmessage-length=0 -O3 -iquote -std=gnu++11 -pedantic -Wall -Wno-unused-variable -Wno-unused-but-set-variable -Iinclude  -DFAUDES_BUILD_DSO -fvisibility=hidden -fvisibility-inlines-hidden  src/cfl_generator.cpp -o obj/cfl_generator.o
g++  -c -fpic -fstrict-aliasing -fmessage-length=0 -O3 -iquote -std=gnu++11 -pedantic -Wall -Wno-unused-variable -Wno-unused-but-set-variable -Iinclude  -DFAUDES_BUILD_DSO -fvisibility=hidden -fvisibility-inlines-hidden  src/cfl_agenerator.cpp -o obj/cfl_agenerator.o
g++  -c -fpic -fstrict-aliasing -fmessage-length=0 -O3 -iquote -std=gnu++11 -pedantic -Wall -Wno-unused-variable -Wno-unused-but-set-variable -Iinclude  -DFAUDES_BUILD_DSO -fvisibility=hidden -fvisibility-inlines-hidden  src/cfl_cgenerator.cpp -o obj/cfl_cgenerator.o
g++  -c -fpic -fstrict-aliasing -fmessage-length=0 -O3 -iquote -std=gnu++11 -pedantic -Wall -Wno-unused-variable -Wno-unused-but-set-variable -Iinclude  -DFAUDES_BUILD_DSO -fvisibility=hidden -fvisibility-inlines-hidden  src/cfl_localgen.cpp -o obj/cfl_localgen.o
g++  -c -fpic -fstrict-aliasing -fmessage-length=0 -O3 -iquote -std=gnu++11 -pedantic -Wall -Wno-unused-variable -Wno-unused-but-set-variable -Iinclude  -DFAUDES_BUILD_DSO -fvisibility=hidden -fvisibility-inlines-hidden  src/cfl_graphfncts.cpp -o obj/cfl_graphfncts.o
g++  -c -fpic -fstrict-aliasing -fmessage-length=0 -O3 -iquote -std=gnu++11 -pedantic -Wall -Wno-unused-variable -Wno-unused-but-set-variable -Iinclude  -DFAUDES_BUILD_DSO -fvisibility=hidden -fvisibility-inlines-hidden  src/cfl_parallel.cpp -o obj/cfl_parallel.o
g++  -c -fpic -fstrict-aliasing -fmessage-length=0 -O3 -iquote -std=gnu++11 -pedantic -Wall -Wno-unused-variable -Wno-unused-but-set-variable -Iinclude  -DFAUDES_BUILD_DSO -fvisibility=hidden -fvisibility-inlines-hidden  src/cfl_determin.cpp -o obj/cfl_determin.o
g++  -c -fpic -fstrict-aliasing -fmessage-length=0 -O3 -iquote -std=gnu++11 -pedantic -Wall -Wno-unused-variable -Wno-unused-but-set-variable -Iinclude  -DFAUDES_BUILD_DSO -fvisibility=hidden -fvisibility-inlines-hidden  src/cfl_project.cpp -o obj/cfl_project.o
g++  -c -fpic -fstrict-aliasing -fmessage-length=0 -O3 -iquote -std=gnu++11 -pedantic -Wall -Wno-unused-variable -Wno-unused-but-set-variable -Iinclude  -DFAUDES_BUILD_DSO -fvisibility=hidden -fvisibility-inlines-hidden  src/cfl_statemin.cpp -o obj/cfl_statemin.o
g++  -c -fpic -fstrict-aliasing -fmessage-length=0 -O3 -iquote -std=gnu++11 -pedantic -Wall -Wno-unused-variable -Wno-unused-but-set-variable -Iinclude  -DFAUDES_BUILD_DSO -fvisibility=hidden -fvisibility-inlines-hidden  src/cfl_regular.cpp -o obj/cfl_regular.o
g++  -c -fpic -fstrict-aliasing -fmessage-length=0 -O3 -iquote -std=gnu++11 -pedantic -Wall -Wno-unused-variable -Wno-unused-but-set-variable -Iinclude  -DFAUDES_BUILD_DSO -fvisibility=hidden -fvisibility-inlines-hidden  src/cfl_conflequiv.cpp -o obj/cfl_conflequiv.o
g++  -c -fpic -fstrict-aliasing -fmessage-length=0 -O3 -iquote -std=gnu++11 -pedantic -Wall -Wno-unused-variable -Wno-unused-but-set-variable -Iinclude  -DFAUDES_BUILD_DSO -fvisibility=hidden -fvisibility-inlines-hidden  src/cfl_bisimulation.cpp -o obj/cfl_bisimulation.o
g++  -c -fpic -fstrict-aliasing -fmessage-length=0 -O3 -iquote -std=gnu++11 -pedantic -Wall -Wno-unused-variable -Wno-unused-but-set-variable -Iinclude  -DFAUDES_BUILD_DSO -fvisibility=hidden -fvisibility-inlines-hidden  src/cfl_bisimcta.cpp -o obj/cfl_bisimcta.o
g++  -c -fpic -fstrict-aliasing -fmessage-length=0 -O3 -iquote -std=gnu++11 -pedantic -Wall -Wno-unused-variable -Wno-unused-but-set-variable -Iinclude  -DFAUDES_BUILD_DSO -fvisibility=hidden -fvisibility-inlines-hidden  src/cfl_omega.cpp -o obj/cfl_omega.o
g++  -c -fpic -fstrict-aliasing -fmessage-length=0 -O3 -iquote -std=gnu++11 -pedantic -Wall -Wno-unused-variable -Wno-unused-but-set-variable -Iinclude  -DFAUDES_BUILD_DSO -fvisibility=hidden -fvisibility-inlines-hidden  ./plugins/synthesis/src/syn_supcon.cpp -o obj/syn_supcon.o
g++  -c -fpic -fstrict-aliasing -fmessage-length=0 -O3 -iquote -std=gnu++11 -pedantic -Wall -Wno-unused-variable -Wno-unused-but-set-variable -Iinclude  -DFAUDES_BUILD_DSO -fvisibility=hidden -fvisibility-inlines-hidden  ./plugins/synthesis/src/syn_supnorm.cpp -o obj/syn_supnorm.o
g++  -c -fpic -fstrict-aliasing -fmessage-length=0 -O3 -iquote -std=gnu++11 -pedantic -Wall -Wno-unused-variable -Wno-unused-but-set-variable -Iinclude  -DFAUDES_BUILD_DSO -fvisibility=hidden -fvisibility-inlines-hidden  ./plugins/synthesis/src/syn_functions.cpp -o obj/syn_functions.o
g++  -c -fpic -fstrict-aliasing -fmessage-length=0 -O3 -iquote -std=gnu++11 -pedantic -Wall -Wno-unused-variable -Wno-unused-but-set-variable -Iinclude  -DFAUDES_BUILD_DSO -fvisibility=hidden -fvisibility-inlines-hidden  ./plugins/synthesis/src/syn_wsupcon.cpp -o obj/syn_wsupcon.o
g++  -c -fpic -fstrict-aliasing -fmessage-length=0 -O3 -iquote -std=gnu++11 -pedantic -Wall -Wno-unused-variable -Wno-unused-but-set-variable -Iinclude  -DFAUDES_BUILD_DSO -fvisibility=hidden -fvisibility-inlines-hidden  ./plugins/synthesis/src/syn_tsupcon.cpp -o obj/syn_tsupcon.o
g++  -c -fpic -fstrict-aliasing -fmessage-length=0 -O3 -iquote -std=gnu++11 -pedantic -Wall -Wno-unused-variable -Wno-unused-but-set-variable -Iinclude  -DFAUDES_BUILD_DSO -fvisibility=hidden -fvisibility-inlines-hidden  ./plugins/synthesis/src/syn_sscon.cpp -o obj/syn_sscon.o
g++  -c -fpic -fstrict-aliasing -fmessage-length=0 -O3 -iquote -std=gnu++11 -pedantic -Wall -Wno-unused-variable -Wno-unused-but-set-variable -Iinclude  -DFAUDES_BUILD_DSO -fvisibility=hidden -fvisibility-inlines-hidden  ./plugins/synthesis/src/syn_supreduce.cpp -o obj/syn_supreduce.o
g++  -c -fpic -fstrict-aliasing -fmessage-length=0 -O3 -iquote -std=gnu++11 -pedantic -Wall -Wno-unused-variable -Wno-unused-but-set-variable -Iinclude  -DFAUDES_BUILD_DSO -fvisibility=hidden -fvisibility-inlines-hidden  ./plugins/synthesis/src/syn_synthequiv.cpp -o obj/syn_synthequiv.o
g++  -c -fpic -fstrict-aliasing -fmessage-length=0 -O3 -iquote -std=gnu++11 -pedantic -Wall -Wno-unused-variable -Wno-unused-but-set-variable -Iinclude  -DFAUDES_BUILD_DSO -fvisibility=hidden -fvisibility-inlines-hidden  ./plugins/synthesis/src/syn_compsyn.cpp -o obj/syn_compsyn.o
g++  -c -fpic -fstrict-aliasing -fmessage-length=0 -O3 -iquote -std=gnu++11 -pedantic -Wall -Wno-unused-variable -Wno-unused-but-set-variable -Iinclude  -DFAUDES_BUILD_DSO -fvisibility=hidden -fvisibility-inlines-hidden  ./plugins/synthesis/src/syn_ecpo.cpp -o obj/syn_ecpo.o
g++  -c -Iinclude/lua -fpic -fstrict-aliasing -fmessage-length=0 -O3 -iquote -std=gnu++11 -pedantic -Wall -Wno-unused-variable -Wno-unused-but-set-variable -Iinclude  -Wno-misleading-indentation -DFAUDES_BUILD_DSO -fvisibility=hidden -fvisibility-inlines-hidden  plugins/luabindings/src/lbp_addons.cpp -o plugins/luabindings/obj/lbp_addons.o
g++  -c -Iinclude/lua -fpic -fstrict-aliasing -fmessage-length=0 -O3 -iquote -std=gnu++11 -pedantic -Wall -Wno-unused-variable -Wno-unused-but-set-variable -Iinclude  -Wno-misleading-indentation -DFAUDES_BUILD_DSO -fvisibility=hidden -fvisibility-inlines-hidden  plugins/luabindings/src/lbp_function.cpp -o plugins/luabindings/obj/lbp_function.o
g++  -c -Iinclude/lua -fpic -fstrict-aliasing -fmessage-length=0 -O3 -iquote -std=gnu++11 -pedantic -Wall -Wno-unused-variable -Wno-unused-but-set-variable -Iinclude  -Wno-misleading-indentation -DFAUDES_BUILD_DSO -fvisibility=hidden -fvisibility-inlines-hidden   plugins/luabindings/obj/lbp_load.cpp -o plugins/luabindings/obj/lbp_load.o
g++  -c -Iinclude/lua -fpic -fstrict-aliasing -fmessage-length=0 -O3 -iquote -std=gnu++11 -pedantic -Wall -Wno-unused-variable -Wno-unused-but-set-variable -Iinclude  -Wno-misleading-indentation -DFAUDES_BUILD_DSO -fvisibility=hidden -fvisibility-inlines-hidden   plugins/luabindings/obj/corefaudes_luawrapper.cpp -o plugins/luabindings/obj/corefaudes_luawrapper.o
g++  -c -Iinclude/lua -fpic -fstrict-aliasing -fmessage-length=0 -O3 -iquote -std=gnu++11 -pedantic -Wall -Wno-unused-variable -Wno-unused-but-set-variable -Iinclude  -Wno-misleading-indentation -DFAUDES_BUILD_DSO -fvisibility=hidden -fvisibility-inlines-hidden   plugins/luabindings/obj/syn_interface_luawrapper.cpp -o plugins/luabindings/obj/syn_interface_luawrapper.o
gcc  -c -Iinclude/lua -fpic -fstrict-aliasing -fmessage-length=0 -O3 -iquote -std=gnu++11 -pedantic -Wall -Wno-unused-variable -Wno-unused-but-set-variable -Iinclude  -DLUA_USE_LINUX -Wno-pedantic plugins/luabindings/lib/lua-5.1.3/src/lapi.c -o plugins/luabindings/obj/lapi.o
gcc  -c -Iinclude/lua -fpic -fstrict-aliasing -fmessage-length=0 -O3 -iquote -std=gnu++11 -pedantic -Wall -Wno-unused-variable -Wno-unused-but-set-variable -Iinclude  -DLUA_USE_LINUX -Wno-pedantic plugins/luabindings/lib/lua-5.1.3/src/lcode.c -o plugins/luabindings/obj/lcode.o
gcc  -c -Iinclude/lua -fpic -fstrict-aliasing -fmessage-length=0 -O3 -iquote -std=gnu++11 -pedantic -Wall -Wno-unused-variable -Wno-unused-but-set-variable -Iinclude  -DLUA_USE_LINUX -Wno-pedantic plugins/luabindings/lib/lua-5.1.3/src/ldebug.c -o plugins/luabindings/obj/ldebug.o
gcc  -c -Iinclude/lua -fpic -fstrict-aliasing -fmessage-length=0 -O3 -iquote -std=gnu++11 -pedantic -Wall -Wno-unused-variable -Wno-unused-but-set-variable -Iinclude  -DLUA_USE_LINUX -Wno-pedantic plugins/luabindings/lib/lua-5.1.3/src/ldo.c -o plugins/luabindings/obj/ldo.o
gcc  -c -Iinclude/lua -fpic -fstrict-aliasing -fmessage-length=0 -O3 -iquote -std=gnu++11 -pedantic -Wall -Wno-unused-variable -Wno-unused-but-set-variable -Iinclude  -DLUA_USE_LINUX -Wno-pedantic plugins/luabindings/lib/lua-5.1.3/src/ldump.c -o plugins/luabindings/obj/ldump.o
gcc  -c -Iinclude/lua -fpic -fstrict-aliasing -fmessage-length=0 -O3 -iquote -std=gnu++11 -pedantic -Wall -Wno-unused-variable -Wno-unused-but-set-variable -Iinclude  -DLUA_USE_LINUX -Wno-pedantic plugins/luabindings/lib/lua-5.1.3/src/lfunc.c -o plugins/luabindings/obj/lfunc.o
gcc  -c -Iinclude/lua -fpic -fstrict-aliasing -fmessage-length=0 -O3 -iquote -std=gnu++11 -pedantic -Wall -Wno-unused-variable -Wno-unused-but-set-variable -Iinclude  -DLUA_USE_LINUX -Wno-pedantic plugins/luabindings/lib/lua-5.1.3/src/lgc.c -o plugins/luabindings/obj/lgc.o
gcc  -c -Iinclude/lua -fpic -fstrict-aliasing -fmessage-length=0 -O3 -iquote -std=gnu++11 -pedantic -Wall -Wno-unused-variable -Wno-unused-but-set-variable -Iinclude  -DLUA_USE_LINUX -Wno-pedantic plugins/luabindings/lib/lua-5.1.3/src/llex.c -o plugins/luabindings/obj/llex.o
gcc  -c -Iinclude/lua -fpic -fstrict-aliasing -fmessage-length=0 -O3 -iquote -std=gnu++11 -pedantic -Wall -Wno-unused-variable -Wno-unused-but-set-variable -Iinclude  -DLUA_USE_LINUX -Wno-pedantic plugins/luabindings/lib/lua-5.1.3/src/lmem.c -o plugins/luabindings/obj/lmem.o
gcc  -c -Iinclude/lua -fpic -fstrict-aliasing -fmessage-length=0 -O3 -iquote -std=gnu++11 -pedantic -Wall -Wno-unused-variable -Wno-unused-but-set-variable -Iinclude  -DLUA_USE_LINUX -Wno-pedantic plugins/luabindings/lib/lua-5.1.3/src/lobject.c -o plugins/luabindings/obj/lobject.o
gcc  -c -Iinclude/lua -fpic -fstrict-aliasing -fmessage-length=0 -O3 -iquote -std=gnu++11 -pedantic -Wall -Wno-unused-variable -Wno-unused-but-set-variable -Iinclude  -DLUA_USE_LINUX -Wno-pedantic plugins/luabindings/lib/lua-5.1.3/src/lopcodes.c -o plugins/luabindings/obj/lopcodes.o
gcc  -c -Iinclude/lua -fpic -fstrict-aliasing -fmessage-length=0 -O3 -iquote -std=gnu++11 -pedantic -Wall -Wno-unused-variable -Wno-unused-but-set-variable -Iinclude  -DLUA_USE_LINUX -Wno-pedantic plugins/luabindings/lib/lua-5.1.3/src/lparser.c -o plugins/luabindings/obj/lparser.o
gcc  -c -Iinclude/lua -fpic -fstrict-aliasing -fmessage-length=0 -O3 -iquote -std=gnu++11 -pedantic -Wall -Wno-unused-variable -Wno-unused-but-set-variable -Iinclude  -DLUA_USE_LINUX -Wno-pedantic plugins/luabindings/lib/lua-5.1.3/src/lstate.c -o plugins/luabindings/obj/lstate.o
gcc  -c -Iinclude/lua -fpic -fstrict-aliasing -fmessage-length=0 -O3 -iquote -std=gnu++11 -pedantic -Wall -Wno-unused-variable -Wno-unused-but-set-variable -Iinclude  -DLUA_USE_LINUX -Wno-pedantic plugins/luabindings/lib/lua-5.1.3/src/lstring.c -o plugins/luabindings/obj/lstring.o
gcc  -c -Iinclude/lua -fpic -fstrict-aliasing -fmessage-length=0 -O3 -iquote -std=gnu++11 -pedantic -Wall -Wno-unused-variable -Wno-unused-but-set-variable -Iinclude  -DLUA_USE_LINUX -Wno-pedantic plugins/luabindings/lib/lua-5.1.3/src/ltable.c -o plugins/luabindings/obj/ltable.o
gcc  -c -Iinclude/lua -fpic -fstrict-aliasing -fmessage-length=0 -O3 -iquote -std=gnu++11 -pedantic -Wall -Wno-unused-variable -Wno-unused-but-set-variable -Iinclude  -DLUA_USE_LINUX -Wno-pedantic plugins/luabindings/lib/lua-5.1.3/src/ltm.c -o plugins/luabindings/obj/ltm.o
gcc  -c -Iinclude/lua -fpic -fstrict-aliasing -fmessage-length=0 -O3 -iquote -std=gnu++11 -pedantic -Wall -Wno-unused-variable -Wno-unused-but-set-variable -Iinclude  -DLUA_USE_LINUX -Wno-pedantic plugins/luabindings/lib/lua-5.1.3/src/lundump.c -o plugins/luabindings/obj/lundump.o
gcc  -c -Iinclude/lua -fpic -fstrict-aliasing -fmessage-length=0 -O3 -iquote -std=gnu++11 -pedantic -Wall -Wno-unused-variable -Wno-unused-but-set-variable -Iinclude  -DLUA_USE_LINUX -Wno-pedantic plugins/luabindings/lib/lua-5.1.3/src/lvm.c -o plugins/luabindings/obj/lvm.o
gcc  -c -Iinclude/lua -fpic -fstrict-aliasing -fmessage-length=0 -O3 -iquote -std=gnu++11 -pedantic -Wall -Wno-unused-variable -Wno-unused-but-set-variable -Iinclude  -DLUA_USE_LINUX -Wno-pedantic plugins/luabindings/lib/lua-5.1.3/src/lzio.c -o plugins/luabindings/obj/lzio.o
gcc  -c -Iinclude/lua -fpic -fstrict-aliasing -fmessage-length=0 -O3 -iquote -std=gnu++11 -pedantic -Wall -Wno-unused-variable -Wno-unused-but-set-variable -Iinclude  -DLUA_USE_LINUX -Wno-pedantic plugins/luabindings/lib/lua-5.1.3/src/lauxlib.c -o plugins/luabindings/obj/lauxlib.o
gcc  -c -Iinclude/lua -fpic -fstrict-aliasing -fmessage-length=0 -O3 -iquote -std=gnu++11 -pedantic -Wall -Wno-unused-variable -Wno-unused-but-set-variable -Iinclude  -DLUA_USE_LINUX -Wno-pedantic plugins/luabindings/lib/lua-5.1.3/src/lbaselib.c -o plugins/luabindings/obj/lbaselib.o
gcc  -c -Iinclude/lua -fpic -fstrict-aliasing -fmessage-length=0 -O3 -iquote -std=gnu++11 -pedantic -Wall -Wno-unused-variable -Wno-unused-but-set-variable -Iinclude  -DLUA_USE_LINUX -Wno-pedantic plugins/luabindings/lib/lua-5.1.3/src/ldblib.c -o plugins/luabindings/obj/ldblib.o
gcc  -c -Iinclude/lua -fpic -fstrict-aliasing -fmessage-length=0 -O3 -iquote -std=gnu++11 -pedantic -Wall -Wno-unused-variable -Wno-unused-but-set-variable -Iinclude  -DLUA_USE_LINUX -Wno-pedantic plugins/luabindings/lib/lua-5.1.3/src/liolib.c -o plugins/luabindings/obj/liolib.o
gcc  -c -Iinclude/lua -fpic -fstrict-aliasing -fmessage-length=0 -O3 -iquote -std=gnu++11 -pedantic -Wall -Wno-unused-variable -Wno-unused-but-set-variable -Iinclude  -DLUA_USE_LINUX -Wno-pedantic plugins/luabindings/lib/lua-5.1.3/src/lmathlib.c -o plugins/luabindings/obj/lmathlib.o
gcc  -c -Iinclude/lua -fpic -fstrict-aliasing -fmessage-length=0 -O3 -iquote -std=gnu++11 -pedantic -Wall -Wno-unused-variable -Wno-unused-but-set-variable -Iinclude  -DLUA_USE_LINUX -Wno-pedantic plugins/luabindings/lib/lua-5.1.3/src/loslib.c -o plugins/luabindings/obj/loslib.o
gcc  -c -Iinclude/lua -fpic -fstrict-aliasing -fmessage-length=0 -O3 -iquote -std=gnu++11 -pedantic -Wall -Wno-unused-variable -Wno-unused-but-set-variable -Iinclude  -DLUA_USE_LINUX -Wno-pedantic plugins/luabindings/lib/lua-5.1.3/src/ltablib.c -o plugins/luabindings/obj/ltablib.o
gcc  -c -Iinclude/lua -fpic -fstrict-aliasing -fmessage-length=0 -O3 -iquote -std=gnu++11 -pedantic -Wall -Wno-unused-variable -Wno-unused-but-set-variable -Iinclude  -DLUA_USE_LINUX -Wno-pedantic plugins/luabindings/lib/lua-5.1.3/src/lstrlib.c -o plugins/luabindings/obj/lstrlib.o
gcc  -c -Iinclude/lua -fpic -fstrict-aliasing -fmessage-length=0 -O3 -iquote -std=gnu++11 -pedantic -Wall -Wno-unused-variable -Wno-unused-but-set-variable -Iinclude  -DLUA_USE_LINUX -Wno-pedantic plugins/luabindings/lib/lua-5.1.3/src/loadlib.c -o plugins/luabindings/obj/loadlib.o
gcc  -c -Iinclude/lua -fpic -fstrict-aliasing -fmessage-length=0 -O3 -iquote -std=gnu++11 -pedantic -Wall -Wno-unused-variable -Wno-unused-but-set-variable -Iinclude  -DLUA_USE_LINUX -Wno-pedantic plugins/luabindings/lib/lua-5.1.3/src/linit.c -o plugins/luabindings/obj/linit.o
g++  -c -fpic -fstrict-aliasing -fmessage-length=0 -O3 -iquote -std=gnu++11 -pedantic -Wall -Wno-unused-variable -Wno-unused-but-set-variable -Iinclude  -DFAUDES_MUTE_RTIAUTOLOAD src/cfl_platform.cpp -o obj/cfl_platform_min.o
g++  -c -fpic -fstrict-aliasing -fmessage-length=0 -O3 -iquote -std=gnu++11 -pedantic -Wall -Wno-unused-variable -Wno-unused-but-set-variable -Iinclude  -DFAUDES_MUTE_RTIAUTOLOAD src/cfl_utils.cpp -o obj/cfl_utils_min.o
g++  -c -fpic -fstrict-aliasing -fmessage-length=0 -O3 -iquote -std=gnu++11 -pedantic -Wall -Wno-unused-variable -Wno-unused-but-set-variable -Iinclude  -DFAUDES_MUTE_RTIAUTOLOAD src/cfl_exception.cpp -o obj/cfl_exception_min.o
g++  -c -fpic -fstrict-aliasing -fmessage-length=0 -O3 -iquote -std=gnu++11 -pedantic -Wall -Wno-unused-variable -Wno-unused-but-set-variable -Iinclude  -DFAUDES_MUTE_RTIAUTOLOAD src/cfl_token.cpp -o obj/cfl_token_min.o
g++  -c -fpic -fstrict-aliasing -fmessage-length=0 -O3 -iquote -std=gnu++11 -pedantic -Wall -Wno-unused-variable -Wno-unused-but-set-variable -Iinclude  -DFAUDES_MUTE_RTIAUTOLOAD src/cfl_tokenreader.cpp -o obj/cfl_tokenreader_min.o
g++  -c -fpic -fstrict-aliasing -fmessage-length=0 -O3 -iquote -std=gnu++11 -pedantic -Wall -Wno-unused-variable -Wno-unused-but-set-variable -Iinclude  -DFAUDES_MUTE_RTIAUTOLOAD src/cfl_tokenwriter.cpp -o obj/cfl_tokenwriter_min.o
g++  -c -fpic -fstrict-aliasing -fmessage-length=0 -O3 -iquote -std=gnu++11 -pedantic -Wall -Wno-unused-variable -Wno-unused-but-set-variable -Iinclude  -DFAUDES_MUTE_RTIAUTOLOAD src/cfl_types.cpp -o obj/cfl_types_min.o
g++  -c -fpic -fstrict-aliasing -fmessage-length=0 -O3 -iquote -std=gnu++11 -pedantic -Wall -Wno-unused-variable -Wno-unused-but-set-variable -Iinclude  -DFAUDES_MUTE_RTIAUTOLOAD src/cfl_functions.cpp -o obj/cfl_functions_min.o
g++  -c -fpic -fstrict-aliasing -fmessage-length=0 -O3 -iquote -std=gnu++11 -pedantic -Wall -Wno-unused-variable -Wno-unused-but-set-variable -Iinclude  -DFAUDES_MUTE_RTIAUTOLOAD src/cfl_registry.cpp -o obj/cfl_registry_min.o
g++  -c -fpic -fstrict-aliasing -fmessage-length=0 -O3 -iquote -std=gnu++11 -pedantic -Wall -Wno-unused-variable -Wno-unused-but-set-variable -Iinclude  -DFAUDES_MUTE_RTIAUTOLOAD src/cfl_elementary.cpp -o obj/cfl_elementary_min.o
g++  -c -fpic -fstrict-aliasing -fmessage-length=0 -O3 -iquote -std=gnu++11 -pedantic -Wall -Wno-unused-variable -Wno-unused-but-set-variable -Iinclude  -DFAUDES_MUTE_RTIAUTOLOAD src/cfl_basevector.cpp -o obj/cfl_basevector_min.o
ar -sr minfaudes.a obj/cfl_platform_min.o obj/cfl_utils_min.o obj/cfl_exception_min.o obj/cfl_token_min.o obj/cfl_tokenreader_min.o obj/cfl_tokenwriter_min.o obj/cfl_types_min.o obj/cfl_functions_min.o obj/cfl_registry_min.o obj/cfl_elementary_min.o obj/cfl_basevector_min.o
g++  -fpic -fstrict-aliasing -fmessage-length=0 -O3 -iquote -std=gnu++11 -pedantic -Wall -Wno-unused-variable -Wno-unused-but-set-variable -Iinclude  src/ref2html.cpp minfaudes.a -Wl,--as-needed   -Wl,-rpath='$ORIGIN:$ORIGIN/../lib:$ORIGIN/../:$ORIGIN/../../../' -ldl -lreadline -lhistory -lncurses -lpthread  -o bin/ref2html 
g++  -fpic -fstrict-aliasing -fmessage-length=0 -O3 -iquote -std=gnu++11 -pedantic -Wall -Wno-unused-variable -Wno-unused-but-set-variable -Iinclude  src/rti2code.cpp minfaudes.a -Wl,--as-needed   -Wl,-rpath='$ORIGIN:$ORIGIN/../lib:$ORIGIN/../:$ORIGIN/../../../' -ldl -lreadline -lhistory -lncurses -lpthread  -o bin/rti2code 
g++  -fpic -fstrict-aliasing -fmessage-length=0 -O3 -iquote -std=gnu++11 -pedantic -Wall -Wno-unused-variable -Wno-unused-but-set-variable -Iinclude  src/flxinstall.cpp minfaudes.a -Wl,--as-needed   -Wl,-rpath='$ORIGIN:$ORIGIN/../lib:$ORIGIN/../:$ORIGIN/../../../' -ldl -lreadline -lhistory -lncurses -lpthread  -o bin/flxinstall 
g++ -shared  obj/cfl_platform.o obj/cfl_utils.o obj/cfl_exception.o obj/cfl_token.o obj/cfl_tokenreader.o obj/cfl_tokenwriter.o obj/cfl_types.o obj/cfl_functions.o obj/cfl_registry.o obj/cfl_elementary.o obj/cfl_basevector.o obj/cfl_symboltable.o obj/cfl_attributes.o obj/cfl_attrmap.o obj/cfl_baseset.o obj/cfl_indexset.o obj/cfl_symbolset.o obj/cfl_nameset.o obj/cfl_transset.o obj/cfl_generator.o obj/cfl_agenerator.o obj/cfl_cgenerator.o obj/cfl_localgen.o obj/cfl_graphfncts.o obj/cfl_parallel.o obj/cfl_determin.o obj/cfl_project.o obj/cfl_statemin.o obj/cfl_regular.o obj/cfl_conflequiv.o obj/cfl_bisimulation.o obj/cfl_bisimcta.o obj/cfl_omega.o obj/syn_supcon.o obj/syn_supnorm.o obj/syn_functions.o obj/syn_wsupcon.o obj/syn_tsupcon.o obj/syn_sscon.o obj/syn_supreduce.o obj/syn_synthequiv.o obj/syn_compsyn.o obj/syn_ecpo.o plugins/luabindings/obj/lbp_addons.o plugins/luabindings/obj/lbp_function.o plugins/luabindings/obj/lbp_load.o plugins/luabindings/obj/corefaudes_luawrapper.o plugins/luabindings/obj/syn_interface_luawrapper.o plugins/luabindings/obj/lapi.o plugins/luabindings/obj/lcode.o plugins/luabindings/obj/ldebug.o plugins/luabindings/obj/ldo.o plugins/luabindings/obj/ldump.o plugins/luabindings/obj/lfunc.o plugins/luabindings/obj/lgc.o plugins/luabindings/obj/llex.o plugins/luabindings/obj/lmem.o plugins/luabindings/obj/lobject.o plugins/luabindings/obj/lopcodes.o plugins/luabindings/obj/lparser.o plugins/luabindings/obj/lstate.o plugins/luabindings/obj/lstring.o plugins/luabindings/obj/ltable.o plugins/luabindings/obj/ltm.o plugins/luabindings/obj/lundump.o plugins/luabindings/obj/lvm.o plugins/luabindings/obj/lzio.o plugins/luabindings/obj/lauxlib.o plugins/luabindings/obj/lbaselib.o plugins/luabindings/obj/ldblib.o plugins/luabindings/obj/liolib.o plugins/luabindings/obj/lmathlib.o plugins/luabindings/obj/loslib.o plugins/luabindings/obj/ltablib.o plugins/luabindings/obj/lstrlib.o plugins/luabindings/obj/loadlib.o plugins/luabindings/obj/linit.o -Wl,--as-needed   -Wl,-rpath='$ORIGIN:$ORIGIN/../lib:$ORIGIN/../:$ORIGIN/../../../' -ldl -lreadline -lhistory -lncurses -lpthread  -o libfaudes.so
g++  -c -fpic -fstrict-aliasing -fmessage-length=0 -O3 -iquote -std=gnu++11 -pedantic -Wall -Wno-unused-variable -Wno-unused-but-set-variable -Iinclude  -DFAUDES_BUILD_APP src/gen2dot.cpp -o obj/gen2dot.o
g++  -c -fpic -fstrict-aliasing -fmessage-length=0 -O3 -iquote -std=gnu++11 -pedantic -Wall -Wno-unused-variable -Wno-unused-but-set-variable -Iinclude  -DFAUDES_BUILD_APP src/fts2ftx.cpp -o obj/fts2ftx.o
g++  -c -fpic -fstrict-aliasing -fmessage-length=0 -O3 -iquote -std=gnu++11 -pedantic -Wall -Wno-unused-variable -Wno-unused-but-set-variable -Iinclude  -DLUA_USE_LINUX -Wno-pedantic -DFAUDES_BUILD_APP ./plugins/luabindings/tutorial/luafaudes.cpp -o obj/luafaudes.o
g++ obj/gen2dot.o libfaudes.so -Wl,--as-needed   -Wl,-rpath='$ORIGIN:$ORIGIN/../lib:$ORIGIN/../:$ORIGIN/../../../' -ldl -lreadline -lhistory -lncurses -lpthread  -o bin/gen2dot 
strip bin/gen2dot
g++ obj/luafaudes.o libfaudes.so -Wl,--as-needed   -Wl,-rpath='$ORIGIN:$ORIGIN/../lib:$ORIGIN/../:$ORIGIN/../../../' -ldl -lreadline -lhistory -lncurses -lpthread  -o plugins/luabindings/tutorial/luafaudes 
strip plugins/luabindings/tutorial/luafaudes
/bin/cp -p   plugins/luabindings/tutorial/luafaudes  bin/luafaudes 
g++ obj/fts2ftx.o libfaudes.so -Wl,--as-needed   -Wl,-rpath='$ORIGIN:$ORIGIN/../lib:$ORIGIN/../:$ORIGIN/../../../' -ldl -lreadline -lhistory -lncurses -lpthread  -o bin/fts2ftx 
strip bin/fts2ftx
 ============================== 
libFAUDES-make: default targets: done
libFAUDES-make: you may now compile the tutorials by "make -j20 tutorial"
 ============================== 
