<Generator>
"simplify model of the simplemachine || simplemachine" 

% 
%  Statistics for simplify model of the simplemachine || simplemachine
% 
%  States:        3
%  Init/Marked:   1/1
%  Events:        2
%  Transitions:   7
%  StateSymbols:  3
%  Attrib. E/S/T: 0/0/0
% 

<Alphabet>
a#1           b#2          
</Alphabet>

<States>
q0#1          q1#2          q2#3         
</States>

<TransRel>
q0[1]         a[1]          q0[1]        
q0[1]         a[1]          q2[3]        
q0[1]         b[2]          q1[2]        
q1[2]         a[1]          q1[2]        
q1[2]         b[2]          q1[2]        
q2[3]         a[1]          q2[3]        
q2[3]         b[2]          q2[3]        
</TransRel>

<InitStates>
q0#1         
</InitStates>

<MarkedStates>
q0#1         
</MarkedStates>


</Generator>

# Controlled Plant (G_C):
<Generator>
"Controlled_simplify model of the simplemachine || simplemachine" 

% 
%  Statistics for Controlled_simplify model of the simplemachine || simplemachine
% 
%  States:        3
%  Init/Marked:   1/1
%  Events:        3
%  Transitions:   10
%  StateSymbols:  3
%  Attrib. E/S/T: 0/0/0
% 

<Alphabet>
a_G2#3        b_G1#4        b_G2#5       
</Alphabet>

<States>
q0#1          q1#2          q2#3         
</States>

<TransRel>
q0[1]         a_G2[3]       q0[1]        
q0[1]         a_G2[3]       q2[3]        
q0[1]         b_G1[4]       q1[2]        
q0[1]         b_G2[5]       q1[2]        
q1[2]         a_G2[3]       q1[2]        
q1[2]         b_G1[4]       q1[2]        
q1[2]         b_G2[5]       q1[2]        
q2[3]         a_G2[3]       q2[3]        
q2[3]         b_G1[4]       q2[3]        
q2[3]         b_G2[5]       q2[3]        
</TransRel>

<InitStates>
q0#1         
</InitStates>

<MarkedStates>
q0#1         
</MarkedStates>


</Generator>

<Generator>
"simple machines specification" 

% 
%  Statistics for simple machines specification
% 
%  States:        2
%  Init/Marked:   1/1
%  Events:        2
%  Transitions:   2
%  StateSymbols:  2
%  Attrib. E/S/T: 0/0/0
% 

<Alphabet>
a#1           b#2          
</Alphabet>

<States>
E#1           F#2          
</States>

<TransRel>
E[1]          a[1]          F[2]         
F[2]          b[2]          E[1]         
</TransRel>

<InitStates>
E#1          
</InitStates>

<MarkedStates>
E#1          
</MarkedStates>


</Generator>

# A_C (G_C || Spec):
<Generator>
"Controlled_simplify model of the si...hine||simple machines specification" 

% 
%  Statistics for Controlled_simplify model of the si...hine||simple machines specification
% 
%  States:        6
%  Init/Marked:   1/1
%  Events:        3
%  Transitions:   10
%  StateSymbols:  6
%  Attrib. E/S/T: 0/0/0
% 

<Alphabet>
a_G2#3        b_G1#4        b_G2#5       
</Alphabet>

<States>
q0|E#1        q0|F#2        q2|F#3        q2|E#4        q1|E#5        q1|F#6       
</States>

<TransRel>
q0|E[1]       a_G2[3]       q0|F[2]      
q0|E[1]       a_G2[3]       q2|F[3]      
q0|F[2]       b_G1[4]       q1|E[5]      
q0|F[2]       b_G2[5]       q1|E[5]      
q2|F[3]       b_G1[4]       q2|E[4]      
q2|F[3]       b_G2[5]       q2|E[4]      
q2|E[4]       a_G2[3]       q2|F[3]      
q1|E[5]       a_G2[3]       q1|F[6]      
q1|F[6]       b_G1[4]       q1|E[5]      
q1|F[6]       b_G2[5]       q1|E[5]      
</TransRel>

<InitStates>
q0|E#1       
</InitStates>

<MarkedStates>
q0|E#1       
</MarkedStates>


</Generator>

<Generator>
"ProjND(Controlled_simplify model of...ine||simple machines specification)" 

% 
%  Statistics for ProjND(Controlled_simplify model of...ine||simple machines specification)
% 
%  States:        6
%  Init/Marked:   1/1
%  Events:        1
%  Transitions:   8
%  StateSymbols:  6
%  Attrib. E/S/T: 0/0/0
% 

<Alphabet>
a_G2#3       
</Alphabet>

<States>
q0|E#1        q0|F#2        q2|F#3        q2|E#4        q1|E#5        q1|F#6       
</States>

<TransRel>
q0|E[1]       a_G2[3]       q0|F[2]      
q0|E[1]       a_G2[3]       q2|F[3]      
q0|E[1]       a_G2[3]       q2|E[4]      
q0|E[1]       a_G2[3]       q1|E[5]      
q2|E[4]       a_G2[3]       q2|F[3]      
q2|E[4]       a_G2[3]       q2|E[4]      
q1|E[5]       a_G2[3]       q1|E[5]      
q1|E[5]       a_G2[3]       q1|F[6]      
</TransRel>

<InitStates>
q0|E#1       
</InitStates>

<MarkedStates>
q0|E#1       
</MarkedStates>


</Generator>

SafraDet(ProjND(Controlled_simplify model of...ine||simple machines specification)) started
Initial tree: Names: 1 0 0 0 0 0 0 0 0 0 0 0 
Root: 0{q0|E}
Processing state S0: Names: 1 0 0 0 0 0 0 0 0 0 0 0 
Root: 0{q0|E}
After transition a_G2: Names: 1 0 0 0 0 0 0 0 0 0 0 0 
Root: !0{q0|F,q2|F,q2|E,q1|E}
New state S1 added
Name 0: currentStatus=0 (marked=0), nextStatus=1
Name 1: currentStatus=-1 (marked=0), nextStatus=-1
Name 2: currentStatus=-1 (marked=0), nextStatus=-1
Name 3: currentStatus=-1 (marked=0), nextStatus=-1
Name 4: currentStatus=-1 (marked=0), nextStatus=-1
Name 5: currentStatus=-1 (marked=0), nextStatus=-1
Name 6: currentStatus=-1 (marked=0), nextStatus=-1
Name 7: currentStatus=-1 (marked=0), nextStatus=-1
Name 8: currentStatus=-1 (marked=0), nextStatus=-1
Name 9: currentStatus=-1 (marked=0), nextStatus=-1
Name 10: currentStatus=-1 (marked=0), nextStatus=-1
Name 11: currentStatus=-1 (marked=0), nextStatus=-1
Processing state S1: Names: 1 0 0 0 0 0 0 0 0 0 0 0 
Root: !0{q0|F,q2|F,q2|E,q1|E}
After transition a_G2: Names: 1 0 0 0 0 0 0 0 0 0 0 0 
Root: 0{q2|F,q2|E,q1|E,q1|F}
New state S2 added
Name 0: currentStatus=1 (marked=1), nextStatus=0
State S1 added to acceptSet[0] (marked in current, unmarked or absent in next)
Name 1: currentStatus=-1 (marked=0), nextStatus=-1
Name 2: currentStatus=-1 (marked=0), nextStatus=-1
Name 3: currentStatus=-1 (marked=0), nextStatus=-1
Name 4: currentStatus=-1 (marked=0), nextStatus=-1
Name 5: currentStatus=-1 (marked=0), nextStatus=-1
Name 6: currentStatus=-1 (marked=0), nextStatus=-1
Name 7: currentStatus=-1 (marked=0), nextStatus=-1
Name 8: currentStatus=-1 (marked=0), nextStatus=-1
Name 9: currentStatus=-1 (marked=0), nextStatus=-1
Name 10: currentStatus=-1 (marked=0), nextStatus=-1
Name 11: currentStatus=-1 (marked=0), nextStatus=-1
Processing state S2: Names: 1 0 0 0 0 0 0 0 0 0 0 0 
Root: 0{q2|F,q2|E,q1|E,q1|F}
After transition a_G2: Names: 1 0 0 0 0 0 0 0 0 0 0 0 
Root: 0{q2|F,q2|E,q1|E,q1|F}
Existing state S2
Name 0: currentStatus=0 (marked=0), nextStatus=0
Name 1: currentStatus=-1 (marked=0), nextStatus=-1
Name 2: currentStatus=-1 (marked=0), nextStatus=-1
Name 3: currentStatus=-1 (marked=0), nextStatus=-1
Name 4: currentStatus=-1 (marked=0), nextStatus=-1
Name 5: currentStatus=-1 (marked=0), nextStatus=-1
Name 6: currentStatus=-1 (marked=0), nextStatus=-1
Name 7: currentStatus=-1 (marked=0), nextStatus=-1
Name 8: currentStatus=-1 (marked=0), nextStatus=-1
Name 9: currentStatus=-1 (marked=0), nextStatus=-1
Name 10: currentStatus=-1 (marked=0), nextStatus=-1
Name 11: currentStatus=-1 (marked=0), nextStatus=-1
All states: <States> 1              2              3              </States>
Name 0: AcceptSet=<IndexSet> 2              </IndexSet>, RejectSet=<States> 1              3              </States>
Inserted Rabin pair for name 0
Name 1: AcceptSet=<IndexSet/>, RejectSet=<States> 1              2              3              </States>
Name 2: AcceptSet=<IndexSet/>, RejectSet=<States> 1              2              3              </States>
Name 3: AcceptSet=<IndexSet/>, RejectSet=<States> 1              2              3              </States>
Name 4: AcceptSet=<IndexSet/>, RejectSet=<States> 1              2              3              </States>
Name 5: AcceptSet=<IndexSet/>, RejectSet=<States> 1              2              3              </States>
Name 6: AcceptSet=<IndexSet/>, RejectSet=<States> 1              2              3              </States>
Name 7: AcceptSet=<IndexSet/>, RejectSet=<States> 1              2              3              </States>
Name 8: AcceptSet=<IndexSet/>, RejectSet=<States> 1              2              3              </States>
Name 9: AcceptSet=<IndexSet/>, RejectSet=<States> 1              2              3              </States>
Name 10: AcceptSet=<IndexSet/>, RejectSet=<States> 1              2              3              </States>
Name 11: AcceptSet=<IndexSet/>, RejectSet=<States> 1              2              3              </States>
SafraDet done: 3 states
<Generator name="SafraDet(ProjND(Controlled_simplify model of...ine||simple machines specification))">

% 
%  Statistics for SafraDet(ProjND(Controlled_simplify model of...ine||simple machines specification))
% 
%  States:        3
%  Init/Marked:   1/0
%  Events:        1
%  Transitions:   3
%  StateSymbols:  3
%  Attrib. E/S/T: 0/0/0
% 

<Alphabet>
a_G2         
</Alphabet>

<States>
S0            S1            S2           
</States>

<TransRel>
S0            a_G2          S1           
S1            a_G2          S2           
S2            a_G2          S2           
</TransRel>

<InitStates>
S0           
</InitStates>

<MarkedStates/>

</Generator>
<RabinPairs>
"[F1={S0 S2},E1={S1}]" 
</RabinPairs>
