I|I|E         alpha_1_G2    B|I|E        
I|I|E         alpha_1_G4    B|I|E        
I|I|E         beta_1_G1     I|I|F1       
I|I|E         beta_1_G1     I|I|F2       
I|I|E         beta_1_G2     I|I|F1       
I|I|E         beta_1_G2     I|I|F2       
I|I|E         beta_1_G3     I|I|F1       
I|I|E         beta_1_G3     I|I|F2       
I|I|E         beta_1_G4     I|I|F1       
I|I|E         beta_1_G4     I|I|F2              
B|I|E         alpha_1_G2    B|I|E        
B|I|E         alpha_1_G4    B|I|E        
B|I|E         beta_1_G1     I|I|F1       
B|I|E         beta_1_G1     I|I|F2       
B|I|E         beta_1_G2     I|I|F1       
B|I|E         beta_1_G2     I|I|F2       
B|I|E         beta_1_G3     I|I|F1       
B|I|E         beta_1_G3     I|I|F2       
B|I|E         beta_1_G4     I|I|F1       
B|I|E         beta_1_G4     I|I|F2              
I|I|F1        alpha_1_G2    B|I|F1       
I|I|F1        alpha_1_G4    B|I|F1       
I|I|F1        beta_1_G1     I|I|F2       
I|I|F1        beta_1_G2     I|I|F2       
I|I|F1        beta_1_G3     I|I|F2       
I|I|F1        beta_1_G4     I|I|F2       
I|I|F1        alpha_2_G3    I|B|E        
I|I|F1        alpha_2_G4    I|B|E             
I|I|F2        alpha_1_G2    B|I|F2       
I|I|F2        alpha_1_G4    B|I|F2       
I|I|F2        alpha_2_G3    I|B|F1       
I|I|F2        alpha_2_G4    I|B|F1              
B|I|F2        alpha_1_G2    B|I|F2       
B|I|F2        alpha_1_G4    B|I|F2       
B|I|F2        alpha_2_G3    B|B|F1       
B|I|F2        alpha_2_G4    B|B|F1             
I|B|F1        alpha_1_G2    B|B|F1       
I|B|F1        alpha_1_G4    B|B|F1       
I|B|F1        beta_1_G1     I|B|F2       
I|B|F1        beta_1_G2     I|B|F2       
I|B|F1        beta_1_G3     I|B|F2       
I|B|F1        beta_1_G4     I|B|F2       
I|B|F1        alpha_2_G3    I|B|E        
I|B|F1        alpha_2_G4    I|B|E              
B|B|F1        alpha_1_G2    B|B|F1       
B|B|F1        alpha_1_G4    B|B|F1       
B|B|F1        beta_1_G1     I|B|F2       
B|B|F1        beta_1_G2     I|B|F2       
B|B|F1        beta_1_G3     I|B|F2       
B|B|F1        beta_1_G4     I|B|F2       
B|B|F1        alpha_2_G3    B|B|E        
B|B|F1        alpha_2_G4    B|B|E             
I|B|F2        alpha_1_G2    B|B|F2       
I|B|F2        alpha_1_G4    B|B|F2       
I|B|F2        alpha_2_G3    I|B|F1       
I|B|F2        alpha_2_G4    I|B|F1              
I|B|E         alpha_1_G2    B|B|E        
I|B|E         alpha_1_G4    B|B|E        
I|B|E         beta_1_G1     I|B|F1       
I|B|E         beta_1_G1     I|B|F2       
I|B|E         beta_1_G2     I|B|F1       
I|B|E         beta_1_G2     I|B|F2       
I|B|E         beta_1_G3     I|B|F1       
I|B|E         beta_1_G3     I|B|F2       
I|B|E         beta_1_G4     I|B|F1       
I|B|E         beta_1_G4     I|B|F2              
B|B|E         alpha_1_G2    B|B|E        
B|B|E         alpha_1_G4    B|B|E        
B|B|E         beta_1_G1     I|B|F1       
B|B|E         beta_1_G1     I|B|F2       
B|B|E         beta_1_G2     I|B|F1       
B|B|E         beta_1_G2     I|B|F2       
B|B|E         beta_1_G3     I|B|F1       
B|B|E         beta_1_G3     I|B|F2       
B|B|E         beta_1_G4     I|B|F1       
B|B|E         beta_1_G4     I|B|F2              
B|B|F2        alpha_1_G2    B|B|F2       
B|B|F2        alpha_1_G4    B|B|F2       
B|B|F2        alpha_2_G3    B|B|F1       
B|B|F2        alpha_2_G4    B|B|F1             
B|I|F1        alpha_1_G2    B|I|F1       
B|I|F1        alpha_1_G4    B|I|F1       
B|I|F1        beta_1_G1     I|I|F2       
B|I|F1        beta_1_G2     I|I|F2       
B|I|F1        beta_1_G3     I|I|F2       
B|I|F1        beta_1_G4     I|I|F2       
B|I|F1        alpha_2_G3    B|B|E        
B|I|F1        alpha_2_G4    B|B|E        